[2024-05-03T13:47:53.171] [ERROR] app - Error: asdasd
    at get (file:///E:/Projects/Git/AISearch/back-end/src/api/controllers/applications/controller.js:5:11)
    at process.processTicksAndRejections (node:internal/process/task_queues:95:5)
[2024-05-03T15:30:04.767] [ERROR] app - Error: Invalid model given 
    at createApplication (file:///E:/Projects/Git/AISearch/back-end/src/repositories/applications/applications-repository.js:30:15)
    at createApplication (file:///E:/Projects/Git/AISearch/back-end/src/lib/applications/applications-service.js:43:36)
    at create (file:///E:/Projects/Git/AISearch/back-end/src/api/controllers/applications/controller.js:12:24)
    at newFn (E:\Projects\Git\AISearch\back-end\node_modules\express-async-errors\index.js:16:20)
    at Layer.handle [as handle_request] (E:\Projects\Git\AISearch\back-end\node_modules\express\lib\router\layer.js:95:5)
    at next (E:\Projects\Git\AISearch\back-end\node_modules\express\lib\router\route.js:149:13)
    at file:///E:/Projects/Git/AISearch/back-end/src/api/middleware/validation/body-validation.js:7:9
    at newFn (E:\Projects\Git\AISearch\back-end\node_modules\express-async-errors\index.js:16:20)
    at Layer.handle [as handle_request] (E:\Projects\Git\AISearch\back-end\node_modules\express\lib\router\layer.js:95:5)
    at next (E:\Projects\Git\AISearch\back-end\node_modules\express\lib\router\route.js:149:13)
[2024-05-03T15:32:16.092] [ERROR] app - error: insert into "applications" ("description", "imageId", "name", "subtitle", "url") values ($1, DEFAULT, $2, $3, $4) returning * - стовпець "imageId" зв'язку "applications" не існує
    at Parser.parseErrorMessage (E:\Projects\Git\AISearch\back-end\node_modules\pg-protocol\dist\parser.js:283:98)
    at Parser.handlePacket (E:\Projects\Git\AISearch\back-end\node_modules\pg-protocol\dist\parser.js:122:29)
    at Parser.parse (E:\Projects\Git\AISearch\back-end\node_modules\pg-protocol\dist\parser.js:35:38)
    at Socket.<anonymous> (E:\Projects\Git\AISearch\back-end\node_modules\pg-protocol\dist\index.js:11:42)
    at Socket.emit (node:events:518:28)
    at addChunk (node:internal/streams/readable:559:12)
    at readableAddChunkPushByteMode (node:internal/streams/readable:510:3)
    at Readable.push (node:internal/streams/readable:390:5)
    at TCP.onStreamRead (node:internal/stream_base_commons:190:23) {
  length: 154,
  severity: 'ПОМИЛКА',
  code: '42703',
  detail: undefined,
  hint: undefined,
  position: '44',
  internalPosition: undefined,
  internalQuery: undefined,
  where: undefined,
  schema: undefined,
  table: undefined,
  column: undefined,
  dataType: undefined,
  constraint: undefined,
  file: 'parse_target.c',
  line: '1057',
  routine: 'checkInsertTargets'
}
[2024-05-03T15:43:42.196] [ERROR] app - error: insert into "applications" ("description", "imageId", "name", "subtitle", "url") values ($1, DEFAULT, $2, $3, $4) returning * - стовпець "imageId" зв'язку "applications" не існує
    at Parser.parseErrorMessage (E:\Projects\Git\AISearch\back-end\node_modules\pg-protocol\dist\parser.js:283:98)
    at Parser.handlePacket (E:\Projects\Git\AISearch\back-end\node_modules\pg-protocol\dist\parser.js:122:29)
    at Parser.parse (E:\Projects\Git\AISearch\back-end\node_modules\pg-protocol\dist\parser.js:35:38)
    at Socket.<anonymous> (E:\Projects\Git\AISearch\back-end\node_modules\pg-protocol\dist\index.js:11:42)
    at Socket.emit (node:events:518:28)
    at addChunk (node:internal/streams/readable:559:12)
    at readableAddChunkPushByteMode (node:internal/streams/readable:510:3)
    at Readable.push (node:internal/streams/readable:390:5)
    at TCP.onStreamRead (node:internal/stream_base_commons:190:23) {
  length: 154,
  severity: 'ПОМИЛКА',
  code: '42703',
  detail: undefined,
  hint: undefined,
  position: '44',
  internalPosition: undefined,
  internalQuery: undefined,
  where: undefined,
  schema: undefined,
  table: undefined,
  column: undefined,
  dataType: undefined,
  constraint: undefined,
  file: 'parse_target.c',
  line: '1057',
  routine: 'checkInsertTargets'
}
[2024-05-03T15:46:04.966] [ERROR] app - TypeError: Cannot read properties of undefined (reading 'mimetype')
    at isImage (file:///E:/Projects/Git/AISearch/back-end/src/lib/common/files.js:24:41)
    at createImage (file:///E:/Projects/Git/AISearch/back-end/src/lib/images/index.js:5:10)
    at createApplication (file:///E:/Projects/Git/AISearch/back-end/src/lib/applications/applications-service.js:42:43)
    at create (file:///E:/Projects/Git/AISearch/back-end/src/api/controllers/applications/controller.js:9:24)
    at newFn (E:\Projects\Git\AISearch\back-end\node_modules\express-async-errors\index.js:16:20)
    at Layer.handle [as handle_request] (E:\Projects\Git\AISearch\back-end\node_modules\express\lib\router\layer.js:95:5)
    at next (E:\Projects\Git\AISearch\back-end\node_modules\express\lib\router\route.js:149:13)
    at file:///E:/Projects/Git/AISearch/back-end/src/api/middleware/validation/body-validation.js:7:9
    at newFn (E:\Projects\Git\AISearch\back-end\node_modules\express-async-errors\index.js:16:20)
    at Layer.handle [as handle_request] (E:\Projects\Git\AISearch\back-end\node_modules\express\lib\router\layer.js:95:5)
[2024-05-03T15:46:20.977] [ERROR] app - TypeError: Cannot read properties of undefined (reading 'mimetype')
    at isImage (file:///E:/Projects/Git/AISearch/back-end/src/lib/common/files.js:24:41)
    at createImage (file:///E:/Projects/Git/AISearch/back-end/src/lib/images/index.js:5:10)
    at createApplication (file:///E:/Projects/Git/AISearch/back-end/src/lib/applications/applications-service.js:42:43)
    at create (file:///E:/Projects/Git/AISearch/back-end/src/api/controllers/applications/controller.js:10:24)
    at newFn (E:\Projects\Git\AISearch\back-end\node_modules\express-async-errors\index.js:16:20)
    at Layer.handle [as handle_request] (E:\Projects\Git\AISearch\back-end\node_modules\express\lib\router\layer.js:95:5)
    at next (E:\Projects\Git\AISearch\back-end\node_modules\express\lib\router\route.js:149:13)
    at file:///E:/Projects/Git/AISearch/back-end/src/api/middleware/validation/body-validation.js:7:9
    at newFn (E:\Projects\Git\AISearch\back-end\node_modules\express-async-errors\index.js:16:20)
    at Layer.handle [as handle_request] (E:\Projects\Git\AISearch\back-end\node_modules\express\lib\router\layer.js:95:5)
[2024-05-03T16:30:30.131] [ERROR] app - Error: Invalid model given 
    at createApplication (file:///E:/Projects/Git/AISearch/back-end/src/repositories/applications/applications-repository.js:30:15)
    at createApplication (file:///E:/Projects/Git/AISearch/back-end/src/lib/applications/applications-service.js:43:36)
    at process.processTicksAndRejections (node:internal/process/task_queues:95:5)
    at async create (file:///E:/Projects/Git/AISearch/back-end/src/api/controllers/applications/controller.js:9:18)
[2024-05-03T17:07:17.741] [ERROR] app - TypeError: res.binary is not a function
    at getByName (file:///E:/Projects/Git/AISearch/back-end/src/api/controllers/images/controller.js:5:9)
    at process.processTicksAndRejections (node:internal/process/task_queues:95:5)
[2024-05-03T17:13:36.518] [ERROR] app - TypeError: res.binary is not a function
    at getByName (file:///E:/Projects/Git/AISearch/back-end/src/api/controllers/images/controller.js:5:9)
    at process.processTicksAndRejections (node:internal/process/task_queues:95:5)
[2024-05-03T23:30:17.371] [ERROR] app - Error: data and salt arguments required
    at hashSync (E:\Projects\Git\AISearch\back-end\node_modules\bcrypt\bcrypt.js:91:15)
    at register (file:///E:/Projects/Git/AISearch/back-end/src/lib/auth/auth-service.js:14:26)
    at register (file:///E:/Projects/Git/AISearch/back-end/src/api/controllers/auth/auth-controller.js:4:24)
    at newFn (E:\Projects\Git\AISearch\back-end\node_modules\express-async-errors\index.js:16:20)
    at Layer.handle [as handle_request] (E:\Projects\Git\AISearch\back-end\node_modules\express\lib\router\layer.js:95:5)
    at next (E:\Projects\Git\AISearch\back-end\node_modules\express\lib\router\route.js:149:13)
    at file:///E:/Projects/Git/AISearch/back-end/src/api/middleware/validation/body-validation.js:7:9
    at newFn (E:\Projects\Git\AISearch\back-end\node_modules\express-async-errors\index.js:16:20)
    at Layer.handle [as handle_request] (E:\Projects\Git\AISearch\back-end\node_modules\express\lib\router\layer.js:95:5)
    at next (E:\Projects\Git\AISearch\back-end\node_modules\express\lib\router\route.js:149:13)
[2024-05-03T23:34:46.980] [ERROR] app - Error: Invalid salt. Salt must be in the form of: $Vers$log2(NumRounds)$saltvalue
    at hashSync (E:\Projects\Git\AISearch\back-end\node_modules\bcrypt\bcrypt.js:102:21)
    at register (file:///E:/Projects/Git/AISearch/back-end/src/lib/auth/auth-service.js:16:26)
    at register (file:///E:/Projects/Git/AISearch/back-end/src/api/controllers/auth/auth-controller.js:4:24)
    at newFn (E:\Projects\Git\AISearch\back-end\node_modules\express-async-errors\index.js:16:20)
    at Layer.handle [as handle_request] (E:\Projects\Git\AISearch\back-end\node_modules\express\lib\router\layer.js:95:5)
    at next (E:\Projects\Git\AISearch\back-end\node_modules\express\lib\router\route.js:149:13)
    at file:///E:/Projects/Git/AISearch/back-end/src/api/middleware/validation/body-validation.js:7:9
    at newFn (E:\Projects\Git\AISearch\back-end\node_modules\express-async-errors\index.js:16:20)
    at Layer.handle [as handle_request] (E:\Projects\Git\AISearch\back-end\node_modules\express\lib\router\layer.js:95:5)
    at next (E:\Projects\Git\AISearch\back-end\node_modules\express\lib\router\route.js:149:13)
[2024-05-03T23:41:45.422] [ERROR] app - Error: Cannot chain .first() on "insert" query
    at QueryBuilder_PostgreSQL.first (E:\Projects\Git\AISearch\back-end\node_modules\knex\lib\query\querybuilder.js:1146:13)
    at createUserRole (file:///E:/Projects/Git/AISearch/back-end/src/repositories/users/users-repository.js:31:54)
    at createDefaultUserRoles (file:///E:/Projects/Git/AISearch/back-end/src/lib/auth/permissions-service.js:10:19)
    at process.processTicksAndRejections (node:internal/process/task_queues:95:5)
    at async register (file:///E:/Projects/Git/AISearch/back-end/src/lib/auth/auth-service.js:20:23)
    at async register (file:///E:/Projects/Git/AISearch/back-end/src/api/controllers/auth/auth-controller.js:4:18)
[2024-05-03T23:42:46.638] [ERROR] app - Error: Cannot chain .first() on "insert" query
    at QueryBuilder_PostgreSQL.first (E:\Projects\Git\AISearch\back-end\node_modules\knex\lib\query\querybuilder.js:1146:13)
    at createUserRole (file:///E:/Projects/Git/AISearch/back-end/src/repositories/users/users-repository.js:31:66)
    at createDefaultUserRoles (file:///E:/Projects/Git/AISearch/back-end/src/lib/auth/permissions-service.js:10:19)
    at process.processTicksAndRejections (node:internal/process/task_queues:95:5)
    at async register (file:///E:/Projects/Git/AISearch/back-end/src/lib/auth/auth-service.js:20:23)
    at async register (file:///E:/Projects/Git/AISearch/back-end/src/api/controllers/auth/auth-controller.js:4:18)
[2024-05-03T23:44:53.105] [ERROR] app - TypeError: db is not iterable (cannot read property Symbol(Symbol.iterator))
    at createUserRole (file:///E:/Projects/Git/AISearch/back-end/src/repositories/users/users-repository.js:31:31)
    at createDefaultUserRoles (file:///E:/Projects/Git/AISearch/back-end/src/lib/auth/permissions-service.js:10:19)
    at process.processTicksAndRejections (node:internal/process/task_queues:95:5)
    at async register (file:///E:/Projects/Git/AISearch/back-end/src/lib/auth/auth-service.js:20:23)
    at async register (file:///E:/Projects/Git/AISearch/back-end/src/api/controllers/auth/auth-controller.js:4:18)
